<?xml version="1.0" encoding="UTF-8"?>
<!-- Generated by org.testng.reporters.JUnitReportReporter -->
<testsuite hostname="DESKTOP-99COHO2" failures="0" tests="2" name="fileReadWritingOps.fileReadUsingBufferedReader" time="0.012" errors="0" timestamp="2021-12-21T15:35:21 IST" skipped="0">
  <testcase classname="fileReadWritingOps.fileReadUsingBufferedReader" name="readMultiLine" time="0.010"/>
  <system-out/>
  <testcase classname="fileReadWritingOps.fileReadUsingBufferedReader" name="readSingleLine" time="0.002"/>
  <system-out/>
</testsuite> <!-- fileReadWritingOps.fileReadUsingBufferedReader -->
