<?xml version="1.0" encoding="UTF-8"?>
<!-- Generated by org.testng.reporters.JUnitReportReporter -->
<testsuite hostname="DESKTOP-99COHO2" failures="0" tests="1" name="fileWritingOps.UsingFileWrite" time="0.012" errors="0" timestamp="2021-12-21T14:55:50 IST" skipped="0">
  <testcase classname="fileWritingOps.UsingFileWrite" name="fileWriter" time="0.012"/>
  <system-out/>
</testsuite> <!-- fileWritingOps.UsingFileWrite -->
