<?xml version="1.0" encoding="UTF-8"?>
<!-- Generated by org.testng.reporters.JUnitReportReporter -->
<testsuite hostname="DESKTOP-99COHO2" failures="0" tests="1" name="fileWritingOps.UsingBufferedWriter" time="0.013" errors="0" timestamp="2021-12-21T15:09:19 IST" skipped="0">
  <testcase classname="fileWritingOps.UsingBufferedWriter" name="bufferedWriter" time="0.013"/>
  <system-out/>
</testsuite> <!-- fileWritingOps.UsingBufferedWriter -->
