<?xml version="1.0" encoding="UTF-8"?>
<!-- Generated by org.testng.reporters.JUnitReportReporter -->
<testsuite hostname="DESKTOP-99COHO2" failures="0" tests="1" name="com.mustKnow.JDBCConnection1" time="0.247" errors="0" timestamp="2021-12-21T13:52:13 IST" skipped="0">
  <testcase classname="com.mustKnow.JDBCConnection1" name="getDatabase" time="0.247"/>
  <system-out/>
</testsuite> <!-- com.mustKnow.JDBCConnection1 -->
